<?xml version="1.0" encoding="UTF-8"?>
<testng-results skipped="0" failed="0" ignored="0" total="1" passed="1">
  <reporter-output>
  </reporter-output>
  <suite name="Default suite" duration-ms="4510" started-at="2022-06-23T04:41:03Z" finished-at="2022-06-23T04:41:07Z">
    <groups>
    </groups>
    <test name="Default test" duration-ms="4510" started-at="2022-06-23T04:41:03Z" finished-at="2022-06-23T04:41:07Z">
      <class name="org.config.Login">
        <test-method status="PASS" signature="Login1()[pri:0, instance:org.config.Login@15d3402]" name="Login1" duration-ms="4469" started-at="2022-06-23T10:11:03Z" finished-at="2022-06-23T10:11:07Z">
          <reporter-output>
          </reporter-output>
        </test-method> <!-- Login1 -->
      </class> <!-- org.config.Login -->
    </test> <!-- Default test -->
  </suite> <!-- Default suite -->
</testng-results>
